<?xml version="1.0" encoding="UTF-8"?>
<!-- Generated by org.testng.reporters.JUnitXMLReporter -->
<testsuite hostname="DESKTOP-74GDGI8" ignored="0" name="Default test" tests="4" failures="0" timestamp="03 Sep 2022 09:40:09 GMT" time="103.95" errors="0">
  <testcase name="tc3" time="14.442" classname="org.net.TestClass"/>
  <testcase name="tc3" time="13.731" classname="org.net.TestClass"/>
  <testcase name="tc3" time="13.401" classname="org.net.TestClass"/>
  <testcase name="tc3" time="13.118" classname="org.net.TestClass"/>
</testsuite> <!-- Default test -->
